<?xml version="1.0" encoding="UTF-8" ?>
<testsuite tests="1" failures="0" name="cucumber.RunTest" time="0.009" errors="1" skipped="0">
  <properties>
[...]
</properties>
  <testcase classname="cucumber.RunTest" name="initializationError" time="0.009">
    <error message="org/xmlpull/v1/XmlPullParser" type="java.lang.NoClassDefFoundError">java.lang.NoClassDefFoundError: org/xmlpull/v1/XmlPullParser
	at java.base/java.lang.Class.getDeclaredMethods0(Native Method)
	at java.base/java.lang.Class.privateGetDeclaredMethods(Class.java:3119)
	at java.base/java.lang.Class.privateGetPublicMethods(Class.java:3144)
	at java.base/java.lang.Class.getMethods(Class.java:1863)
	at cucumber.runtime.java.MethodScanner.scan(MethodScanner.java:40)
	at cucumber.runtime.java.JavaBackend.loadGlue(JavaBackend.java:82)
	at cucumber.runner.Runner.&lt;init&gt;(Runner.java:28)
	at cucumber.runner.ThreadLocalRunnerSupplier.createRunner(ThreadLocalRunnerSupplier.java:44)
	at cucumber.runner.ThreadLocalRunnerSupplier.access$000(ThreadLocalRunnerSupplier.java:15)
	at cucumber.runner.ThreadLocalRunnerSupplier$1.initialValue(ThreadLocalRunnerSupplier.java:24)
	at cucumber.runner.ThreadLocalRunnerSupplier$1.initialValue(ThreadLocalRunnerSupplier.java:21)
	at java.base/java.lang.ThreadLocal.setInitialValue(ThreadLocal.java:180)
	at java.base/java.lang.ThreadLocal.get(ThreadLocal.java:170)
	at cucumber.runner.ThreadLocalRunnerSupplier.get(ThreadLocalRunnerSupplier.java:40)
	at cucumber.api.junit.Cucumber.&lt;init&gt;(Cucumber.java:108)
	at java.base/jdk.internal.reflect.NativeConstructorAccessorImpl.newInstance0(Native Method)
	at java.base/jdk.internal.reflect.NativeConstructorAccessorImpl.newInstance(NativeConstructorAccessorImpl.java:62)
	at java.base/jdk.internal.reflect.DelegatingConstructorAccessorImpl.newInstance(DelegatingConstructorAccessorImpl.java:45)
	at java.base/java.lang.reflect.Constructor.newInstance(Constructor.java:488)
	at org.junit.internal.builders.AnnotatedBuilder.buildRunner(AnnotatedBuilder.java:31)
	at org.junit.internal.builders.AnnotatedBuilder.runnerForClass(AnnotatedBuilder.java:24)
	at org.junit.runners.model.RunnerBuilder.safeRunnerForClass(RunnerBuilder.java:57)
	at org.junit.internal.builders.AllDefaultPossibilitiesBuilder.runnerForClass(AllDefaultPossibilitiesBuilder.java:29)
	at org.junit.runners.model.RunnerBuilder.safeRunnerForClass(RunnerBuilder.java:57)
	at org.junit.internal.requests.ClassRequest.getRunner(ClassRequest.java:24)
	at org.apache.maven.surefire.junit4.JUnit4Provider.execute(JUnit4Provider.java:250)
	at org.apache.maven.surefire.junit4.JUnit4Provider.executeTestSet(JUnit4Provider.java:141)
	at org.apache.maven.surefire.junit4.JUnit4Provider.invoke(JUnit4Provider.java:112)
	at java.base/jdk.internal.reflect.NativeMethodAccessorImpl.invoke0(Native Method)
	at java.base/jdk.internal.reflect.NativeMethodAccessorImpl.invoke(NativeMethodAccessorImpl.java:62)
	at java.base/jdk.internal.reflect.DelegatingMethodAccessorImpl.invoke(DelegatingMethodAccessorImpl.java:43)
	at java.base/java.lang.reflect.Method.invoke(Method.java:564)
	at org.apache.maven.surefire.util.ReflectionUtils.invokeMethodWithArray(ReflectionUtils.java:189)
	at org.apache.maven.surefire.booter.ProviderFactory$ProviderProxy.invoke(ProviderFactory.java:165)
	at org.apache.maven.surefire.booter.ProviderFactory.invokeProvider(ProviderFactory.java:85)
	at org.apache.maven.surefire.booter.ForkedBooter.runSuitesInProcess(ForkedBooter.java:115)
	at org.apache.maven.surefire.booter.ForkedBooter.main(ForkedBooter.java:75)
Caused by: java.lang.ClassNotFoundException: org.xmlpull.v1.XmlPullParser
	at java.base/jdk.internal.loader.BuiltinClassLoader.loadClass(BuiltinClassLoader.java:582)
	at java.base/jdk.internal.loader.ClassLoaders$AppClassLoader.loadClass(ClassLoaders.java:190)
	at java.base/java.lang.ClassLoader.loadClass(ClassLoader.java:499)
	... 37 more
</error>
  </testcase>
</testsuite>